<?xml version="1.0" encoding="UTF-8"?>
<!-- Generated by org.testng.reporters.JUnitXMLReporter -->
<testsuite ignored="0" hostname="CNmyjing-2.local" failures="0" tests="4" name="SeleniumTest4.1" time="9.868" errors="0" timestamp="2020-05-13T16:25:16 CST">
  <testcase classname="org.example.SeleniumTest4" name="searchSelenium" time="0.386"/>
  <testcase classname="org.example.SeleniumTest4" name="searchJava" time="0.273"/>
  <testcase classname="org.example.SeleniumTest4" name="searchSelenium" time="0.342"/>
  <testcase classname="org.example.SeleniumTest4" name="searchJava" time="0.29"/>
</testsuite> <!-- SeleniumTest4.1 -->
