<?xml version="1.0" encoding="UTF-8"?>
<!-- Generated by org.testng.reporters.JUnitXMLReporter -->
<testsuite ignored="0" hostname="CNmyjing-2.local" failures="0" tests="4" name="SeleniumTest4.1" time="12.824" errors="0" timestamp="2020-05-12T14:49:18 CST">
  <testcase classname="org.example.SeleniumTest4" name="searchSelenium" time="0.348"/>
  <testcase classname="org.example.SeleniumTest4" name="searchJava" time="0.27"/>
  <testcase classname="org.example.SeleniumTest4" name="searchSelenium" time="0.833"/>
  <testcase classname="org.example.SeleniumTest4" name="searchJava" time="0.308"/>
</testsuite> <!-- SeleniumTest4.1 -->
