<?xml version="1.0" encoding="UTF-8"?>
<testng-results ignored="0" total="2" passed="2" failed="0" skipped="0">
  <reporter-output>
  </reporter-output>
  <suite started-at="2020-05-12T14:49:05 CST" name="Default Suite" finished-at="2020-05-12T14:49:18 CST" duration-ms="12824">
    <groups>
    </groups>
    <test started-at="2020-05-12T14:49:05 CST" name="SeleniumTest4.1" finished-at="2020-05-12T14:49:18 CST" duration-ms="12824">
      <class name="org.example.SeleniumTest4">
        <test-method is-config="true" signature="beofreTest(java.lang.String, java.lang.String)[pri:0, instance:org.example.SeleniumTest4@399f45b1]" started-at="2020-05-12T14:49:05 CST" name="beofreTest" finished-at="2020-05-12T14:49:15 CST" duration-ms="10016" status="PASS">
          <params>
            <param index="0">
              <value>
                <![CDATA[chrome]]>
              </value>
            </param>
            <param index="1">
              <value>
                <![CDATA[https://www.baidu.com/]]>
              </value>
            </param>
          </params>
          <reporter-output>
          </reporter-output>
        </test-method> <!-- beofreTest -->
        <test-method signature="searchSelenium()[pri:1, instance:org.example.SeleniumTest4@399f45b1]" started-at="2020-05-12T14:49:15 CST" name="searchSelenium" finished-at="2020-05-12T14:49:16 CST" duration-ms="833" status="PASS">
          <reporter-output>
          </reporter-output>
        </test-method> <!-- searchSelenium -->
        <test-method signature="searchJava()[pri:2, instance:org.example.SeleniumTest4@399f45b1]" started-at="2020-05-12T14:49:16 CST" name="searchJava" finished-at="2020-05-12T14:49:16 CST" duration-ms="308" status="PASS">
          <reporter-output>
          </reporter-output>
        </test-method> <!-- searchJava -->
        <test-method is-config="true" signature="afterTest()[pri:0, instance:org.example.SeleniumTest4@399f45b1]" started-at="2020-05-12T14:49:16 CST" name="afterTest" finished-at="2020-05-12T14:49:18 CST" duration-ms="1660" status="PASS">
          <reporter-output>
          </reporter-output>
        </test-method> <!-- afterTest -->
      </class> <!-- org.example.SeleniumTest4 -->
    </test> <!-- SeleniumTest4.1 -->
  </suite> <!-- Default Suite -->
</testng-results>
