<?xml version="1.0" encoding="UTF-8"?>
<testng-results ignored="0" total="4" passed="4" failed="0" skipped="0">
  <reporter-output>
  </reporter-output>
  <suite started-at="2020-05-13T16:25:06 CST" name="Default Suite" finished-at="2020-05-13T16:25:17 CST" duration-ms="10405">
    <groups>
    </groups>
    <test started-at="2020-05-13T16:25:06 CST" name="SeleniumTest4.1" finished-at="2020-05-13T16:25:16 CST" duration-ms="9868">
      <class name="org.example.SeleniumTest4">
        <test-method is-config="true" signature="beofreTest(java.lang.String, java.lang.String)[pri:0, instance:org.example.SeleniumTest4@6d763516]" started-at="2020-05-13T16:25:06 CST" name="beofreTest" finished-at="2020-05-13T16:25:14 CST" duration-ms="7604" status="PASS">
          <params>
            <param index="0">
              <value>
                <![CDATA[chrome]]>
              </value>
            </param>
            <param index="1">
              <value>
                <![CDATA[https://www.baidu.com/]]>
              </value>
            </param>
          </params>
          <reporter-output>
          </reporter-output>
        </test-method> <!-- beofreTest -->
        <test-method signature="searchSelenium()[pri:1, instance:org.example.SeleniumTest4@6d763516]" started-at="2020-05-13T16:25:14 CST" name="searchSelenium" finished-at="2020-05-13T16:25:14 CST" duration-ms="342" status="PASS">
          <reporter-output>
          </reporter-output>
        </test-method> <!-- searchSelenium -->
        <test-method signature="searchJava()[pri:2, instance:org.example.SeleniumTest4@6d763516]" started-at="2020-05-13T16:25:14 CST" name="searchJava" finished-at="2020-05-13T16:25:15 CST" duration-ms="290" status="PASS">
          <reporter-output>
          </reporter-output>
        </test-method> <!-- searchJava -->
        <test-method is-config="true" signature="afterTest()[pri:0, instance:org.example.SeleniumTest4@6d763516]" started-at="2020-05-13T16:25:15 CST" name="afterTest" finished-at="2020-05-13T16:25:16 CST" duration-ms="1624" status="PASS">
          <reporter-output>
          </reporter-output>
        </test-method> <!-- afterTest -->
      </class> <!-- org.example.SeleniumTest4 -->
    </test> <!-- SeleniumTest4.1 -->
    <test started-at="2020-05-13T16:25:06 CST" name="SeleniumTest4.2" finished-at="2020-05-13T16:25:17 CST" duration-ms="10405">
      <class name="org.example.SeleniumTest4">
        <test-method is-config="true" signature="beofreTest(java.lang.String, java.lang.String)[pri:0, instance:org.example.SeleniumTest4@6adbc9d]" started-at="2020-05-13T16:25:06 CST" name="beofreTest" finished-at="2020-05-13T16:25:13 CST" duration-ms="6958" status="PASS">
          <params>
            <param index="0">
              <value>
                <![CDATA[firefox]]>
              </value>
            </param>
            <param index="1">
              <value>
                <![CDATA[https://www.baidu.com/]]>
              </value>
            </param>
          </params>
          <reporter-output>
          </reporter-output>
        </test-method> <!-- beofreTest -->
        <test-method signature="searchSelenium()[pri:1, instance:org.example.SeleniumTest4@6adbc9d]" started-at="2020-05-13T16:25:13 CST" name="searchSelenium" finished-at="2020-05-13T16:25:14 CST" duration-ms="386" status="PASS">
          <reporter-output>
          </reporter-output>
        </test-method> <!-- searchSelenium -->
        <test-method signature="searchJava()[pri:2, instance:org.example.SeleniumTest4@6adbc9d]" started-at="2020-05-13T16:25:14 CST" name="searchJava" finished-at="2020-05-13T16:25:14 CST" duration-ms="273" status="PASS">
          <reporter-output>
          </reporter-output>
        </test-method> <!-- searchJava -->
        <test-method is-config="true" signature="afterTest()[pri:0, instance:org.example.SeleniumTest4@6adbc9d]" started-at="2020-05-13T16:25:14 CST" name="afterTest" finished-at="2020-05-13T16:25:17 CST" duration-ms="2735" status="PASS">
          <reporter-output>
          </reporter-output>
        </test-method> <!-- afterTest -->
      </class> <!-- org.example.SeleniumTest4 -->
    </test> <!-- SeleniumTest4.2 -->
  </suite> <!-- Default Suite -->
</testng-results>
